#
# A fatal error has been detected by the Java Runtime Environment:
#
#  SIGSEGV (0xb) at pc=0x0000000112af31df, pid=25246, tid=0x0000000000004a03
#
# JRE version: Java(TM) SE Runtime Environment (8.0_201-b09) (build 1.8.0_201-b09)
# Java VM: Java HotSpot(TM) 64-Bit Server VM (25.201-b09 mixed mode bsd-amd64 compressed oops)
# Problematic frame:
# V  [libjvm.dylib+0x2f31df]
#
# Failed to write core dump. Core dumps have been disabled. To enable core dumping, try "ulimit -c unlimited" before starting Java again
#
# If you would like to submit a bug report, please visit:
#   http://bugreport.java.com/bugreport/crash.jsp
#

---------------  T H R E A D  ---------------

Current thread (0x00007ff3ef00a800):  VMThread [stack: 0x000070000bc9d000,0x000070000bd9d000] [id=18947]

siginfo: si_signo: 11 (SIGSEGV), si_code: 1 (SEGV_MAPERR), si_addr: 0x0000000000000040

Registers:
RAX=0x0000000000000040, RBX=0x00000007c0056970, RCX=0x0000000000000000, RDX=0x0000000000000000
RSP=0x000070000bd9ca20, RBP=0x000070000bd9ca20, RSI=0x000070000bd9cab0, RDI=0x0000000000000000
R8 =0x0000000000000000, R9 =0x0000000000000001, R10=0x2000000000000000, R11=0x00000ff3e8aebfcf
R12=0x000000000000000a, R13=0x0000000000000000, R14=0x000070000b27b5f0, R15=0x00000007c0056970
RIP=0x0000000112af31df, EFLAGS=0x0000000000010202, ERR=0x0000000000000004
  TRAPNO=0x000000000000000e

Top of Stack: (sp=0x000070000bd9ca20)
0x000070000bd9ca20:   000070000bd9cb00 0000000112aa61b7
0x000070000bd9ca30:   010000000d000000 0000200034000000
0x000070000bd9ca40:   000070000b27b5f0 0000000000000005
0x000070000bd9ca50:   000070000bd9ca80 0000000112aa40b1
0x000070000bd9ca60:   0000000000000000 0000000000000005
0x000070000bd9ca70:   0000000000000004 0000000000000005
0x000070000bd9ca80:   0000700001000000 0000000112aa4fdc
0x000070000bd9ca90:   000070000bd9cac0 0000002012bb20fc
0x000070000bd9caa0:   a06f49be07000000 000000000000b560
0x000070000bd9cab0:   0000000000000000 0000000000000000
0x000070000bd9cac0:   0000000000000000 701740be07000000
0x000070000bd9cad0:   0000000000000000 00007ff3ed406a80
0x000070000bd9cae0:   000000000000000a 0000000000000000
0x000070000bd9caf0:   0000000112aa501a 00000007c0056970
0x000070000bd9cb00:   000070000bd9cb30 000000011298e912
0x000070000bd9cb10:   000000000000000a 000070000b27b560
0x000070000bd9cb20:   0000000112aa49bc 000000011305c280
0x000070000bd9cb30:   000070000bd9cc20 0000000112aa3b99
0x000070000bd9cb40:   000070000bd9cb60 000070000bd9cbf0
0x000070000bd9cb50:   000070000bd9cc18 000070000bd9cbf0
0x000070000bd9cb60:   000070000bd9cca0 0000000112ce6c56
0x000070000bd9cb70:   434f4e4500000800 0000000000000100
0x000070000bd9cb80:   0000000000000000 0000000000000000
0x000070000bd9cb90:   0000000000000000 00007ff3ed608268
0x000070000bd9cba0:   00000002000000a0 00007ff3ed608200
0x000070000bd9cbb0:   00000001130d9790 000070000b27b5f0
0x000070000bd9cbc0:   00007ff3ef00a800 00007ff3ed607a90
0x000070000bd9cbd0:   00007ff3ed607ad0 00007ff3ed607ae0
0x000070000bd9cbe0:   00007ff3ed607bb8 00000000000000d8
0x000070000bd9cbf0:   000070000bd9ce68 0000000000000000
0x000070000bd9cc00:   69c9a2cb78010000 08000000ef00a800
0x000070000bd9cc10:   000070000b27b560 0000000000000000 

Instructions: (pc=0x0000000112af31df)
0x0000000112af31bf:   04 07 5d c3 31 c0 5d c3 90 55 48 89 e5 48 8d 05
0x0000000112af31cf:   3d ed 5f 00 80 38 00 48 63 05 53 f7 5f 00 74 1e
0x0000000112af31df:   8b 04 07 48 85 c0 75 04 31 c0 eb 16 48 8d 15 5e
0x0000000112af31ef:   4d 55 00 8a 4a 08 48 d3 e0 48 03 02 eb 04 48 8b 

Register to memory mapping:

RAX=0x0000000000000040 is an unknown value
RBX=0x00000007c0056970 is pointing into metadata
RCX=0x0000000000000000 is an unknown value
RDX=0x0000000000000000 is an unknown value
RSP=0x000070000bd9ca20 is an unknown value
RBP=0x000070000bd9ca20 is an unknown value
RSI=0x000070000bd9cab0 is an unknown value
RDI=0x0000000000000000 is an unknown value
R8 =0x0000000000000000 is an unknown value
R9 =0x0000000000000001 is an unknown value
R10=0x2000000000000000 is an unknown value
R11=0x00000ff3e8aebfcf is an unknown value
R12=0x000000000000000a is an unknown value
R13=0x0000000000000000 is an unknown value
R14=0x000070000b27b5f0 is pointing into the stack for thread: 0x00007ff3ed809000
R15=0x00000007c0056970 is pointing into metadata


Stack: [0x000070000bc9d000,0x000070000bd9d000],  sp=0x000070000bd9ca20,  free space=1022k
Native frames: (J=compiled Java code, j=interpreted, Vv=VM code, C=native code)
V  [libjvm.dylib+0x2f31df]
V  [libjvm.dylib+0x2a61b7]
V  [libjvm.dylib+0x18e912]
V  [libjvm.dylib+0x2a3b99]
V  [libjvm.dylib+0x5be6ad]
V  [libjvm.dylib+0x5bcc45]
V  [libjvm.dylib+0x5bd092]
V  [libjvm.dylib+0x5bc9b1]
V  [libjvm.dylib+0x48f3ca]
C  [libsystem_pthread.dylib+0x6950]  _pthread_start+0xe0
C  [libsystem_pthread.dylib+0x247b]  thread_start+0xf

VM_Operation (0x000070000b27b560): HeapDumper, mode: safepoint, requested by thread 0x00007ff3ed809000


---------------  P R O C E S S  ---------------

Java Threads: ( => current thread )
  0x00007ff3ec26c800 JavaThread "Attach Listener" daemon [_thread_blocked, id=23043, stack(0x000070000c8c4000,0x000070000c9c4000)]
  0x00007ff3ee01e800 JavaThread "Service Thread" daemon [_thread_blocked, id=22531, stack(0x000070000c6be000,0x000070000c7be000)]
  0x00007ff3f3010800 JavaThread "C1 CompilerThread3" daemon [_thread_blocked, id=43011, stack(0x000070000c5bb000,0x000070000c6bb000)]
  0x00007ff3ee80f800 JavaThread "C2 CompilerThread2" daemon [_thread_blocked, id=22019, stack(0x000070000c4b8000,0x000070000c5b8000)]
  0x00007ff3ee80e800 JavaThread "C2 CompilerThread1" daemon [_thread_blocked, id=14851, stack(0x000070000c3b5000,0x000070000c4b5000)]
  0x00007ff3ed845000 JavaThread "C2 CompilerThread0" daemon [_thread_blocked, id=15363, stack(0x000070000c2b2000,0x000070000c3b2000)]
  0x00007ff3ec81c800 JavaThread "Monitor Ctrl-Break" daemon [_thread_in_native, id=15619, stack(0x000070000c1af000,0x000070000c2af000)]
  0x00007ff3ec814000 JavaThread "Signal Dispatcher" daemon [_thread_blocked, id=14083, stack(0x000070000c0ac000,0x000070000c1ac000)]
  0x00007ff3ed831800 JavaThread "Finalizer" daemon [_thread_blocked, id=11779, stack(0x000070000bea3000,0x000070000bfa3000)]
  0x00007ff3ed830800 JavaThread "Reference Handler" daemon [_thread_blocked, id=18435, stack(0x000070000bda0000,0x000070000bea0000)]
  0x00007ff3ed809000 JavaThread "main" [_thread_blocked, id=3331, stack(0x000070000b17c000,0x000070000b27c000)]

Other Threads:
=>0x00007ff3ef00a800 VMThread [stack: 0x000070000bc9d000,0x000070000bd9d000] [id=18947]
  0x00007ff3ec840800 WatcherThread [stack: 0x000070000c7c1000,0x000070000c8c1000] [id=42755]

VM state:at safepoint (normal execution)

VM Mutex/Monitor currently owned by a thread:  ([mutex/lock_event])
[0x00007ff3eb607d40] Threads_lock - owner thread: 0x00007ff3ef00a800
[0x00007ff3eb608240] Heap_lock - owner thread: 0x00007ff3ed809000

heap address: 0x00000007bce00000, size: 50 MB, Compressed Oops mode: Zero based, Oop shift amount: 3
Narrow klass base: 0x0000000000000000, Narrow klass shift: 3
Compressed class space size: 1073741824 Address: 0x00000007c0000000

Heap:
 PSYoungGen      total 9216K, used 8192K [0x00000007bf600000, 0x00000007c0000000, 0x00000007c0000000)
  eden space 8192K, 100% used [0x00000007bf600000,0x00000007bfe00000,0x00000007bfe00000)
  from space 1024K, 0% used [0x00000007bfe00000,0x00000007bfe00000,0x00000007bff00000)
  to   space 1024K, 0% used [0x00000007bff00000,0x00000007bff00000,0x00000007c0000000)
 ParOldGen       total 40960K, used 40641K [0x00000007bce00000, 0x00000007bf600000, 0x00000007bf600000)
  object space 40960K, 99% used [0x00000007bce00000,0x00000007bf5b05e0,0x00000007bf600000)
 Metaspace       used 3176K, capacity 4496K, committed 4864K, reserved 1056768K
  class space    used 349K, capacity 388K, committed 512K, reserved 1048576K

Card table byte_map: [0x000000010c558000,0x000000010c572000] byte_map_base: 0x0000000108771000

Marking Bits: (ParMarkBitMap*) 0x00000001130fbe40
 Begin Bits: [0x000000010c586000, 0x000000010c64e000)
 End Bits:   [0x000000010c64e000, 0x000000010c716000)

Polling page: 0x000000010c122000

CodeCache: size=245760Kb used=1170Kb max_used=1181Kb free=244589Kb
 bounds [0x0000000116937000, 0x0000000116ba7000, 0x0000000125937000]
 total_blobs=312 nmethods=62 adapters=164
 compilation: enabled

Compilation events (10 events):
Event: 0.157 Thread 0x00007ff3ee80f800 nmethod 56 0x0000000116a53e90 code [0x0000000116a54020, 0x0000000116a54328]
Event: 0.161 Thread 0x00007ff3f3010800 nmethod 58 0x0000000116a5c050 code [0x0000000116a5c220, 0x0000000116a5c938]
Event: 0.161 Thread 0x00007ff3f3010800   59   !   3       java.util.zip.ZipFile$ZipFileInputStream::close (110 bytes)
Event: 0.161 Thread 0x00007ff3f3010800 nmethod 59 0x0000000116a5b2d0 code [0x0000000116a5b480, 0x0000000116a5bcb8]
Event: 0.161 Thread 0x00007ff3f3010800   60       1       java.lang.ref.Reference::get (5 bytes)
Event: 0.161 Thread 0x00007ff3f3010800 nmethod 60 0x0000000116a53bd0 code [0x0000000116a53d20, 0x0000000116a53e30]
Event: 0.161 Thread 0x00007ff3f3010800   61       3       sun.misc.VM::addFinalRefCount (24 bytes)
Event: 0.161 Thread 0x00007ff3f3010800 nmethod 61 0x0000000116a5af50 code [0x0000000116a5b0c0, 0x0000000116a5b270]
Event: 0.162 Thread 0x00007ff3ed845000   62 %     4       com.ysc.springboot.jvm.MemoryTest::memory @ 6 (32 bytes)
Event: 0.164 Thread 0x00007ff3ed845000 nmethod 62% 0x0000000116a55ad0 code [0x0000000116a55c40, 0x0000000116a55e08]

GC Heap History (10 events):
Event: 7.271 GC heap before
{Heap before GC invocations=45 (full 40):
 PSYoungGen      total 9216K, used 8192K [0x00000007bf600000, 0x00000007c0000000, 0x00000007c0000000)
  eden space 8192K, 100% used [0x00000007bf600000,0x00000007bfe00000,0x00000007bfe00000)
  from space 1024K, 0% used [0x00000007bfe00000,0x00000007bfe00000,0x00000007bff00000)
  to   space 1024K, 0% used [0x00000007bff00000,0x00000007bff00000,0x00000007c0000000)
 ParOldGen       total 40960K, used 40630K [0x00000007bce00000, 0x00000007bf600000, 0x00000007bf600000)
  object space 40960K, 99% used [0x00000007bce00000,0x00000007bf5ad860,0x00000007bf600000)
 Metaspace       used 3168K, capacity 4496K, committed 4864K, reserved 1056768K
  class space    used 347K, capacity 388K, committed 512K, reserved 1048576K
Event: 7.449 GC heap after
Heap after GC invocations=45 (full 40):
 PSYoungGen      total 9216K, used 8192K [0x00000007bf600000, 0x00000007c0000000, 0x00000007c0000000)
  eden space 8192K, 100% used [0x00000007bf600000,0x00000007bfe00000,0x00000007bfe00000)
  from space 1024K, 0% used [0x00000007bfe00000,0x00000007bfe00000,0x00000007bff00000)
  to   space 1024K, 0% used [0x00000007bff00000,0x00000007bff00000,0x00000007c0000000)
 ParOldGen       total 40960K, used 40630K [0x00000007bce00000, 0x00000007bf600000, 0x00000007bf600000)
  object space 40960K, 99% used [0x00000007bce00000,0x00000007bf5ad860,0x00000007bf600000)
 Metaspace       used 3168K, capacity 4496K, committed 4864K, reserved 1056768K
  class space    used 347K, capacity 388K, committed 512K, reserved 1048576K
}
Event: 7.449 GC heap before
{Heap before GC invocations=46 (full 41):
 PSYoungGen      total 9216K, used 8192K [0x00000007bf600000, 0x00000007c0000000, 0x00000007c0000000)
  eden space 8192K, 100% used [0x00000007bf600000,0x00000007bfe00000,0x00000007bfe00000)
  from space 1024K, 0% used [0x00000007bfe00000,0x00000007bfe00000,0x00000007bff00000)
  to   space 1024K, 0% used [0x00000007bff00000,0x00000007bff00000,0x00000007c0000000)
 ParOldGen       total 40960K, used 40631K [0x00000007bce00000, 0x00000007bf600000, 0x00000007bf600000)
  object space 40960K, 99% used [0x00000007bce00000,0x00000007bf5ade60,0x00000007bf600000)
 Metaspace       used 3168K, capacity 4496K, committed 4864K, reserved 1056768K
  class space    used 347K, capacity 388K, committed 512K, reserved 1048576K
Event: 7.627 GC heap after
Heap after GC invocations=46 (full 41):
 PSYoungGen      total 9216K, used 8192K [0x00000007bf600000, 0x00000007c0000000, 0x00000007c0000000)
  eden space 8192K, 100% used [0x00000007bf600000,0x00000007bfe00000,0x00000007bfe00000)
  from space 1024K, 0% used [0x00000007bfe00000,0x00000007bfe00000,0x00000007bff00000)
  to   space 1024K, 0% used [0x00000007bff00000,0x00000007bff00000,0x00000007c0000000)
 ParOldGen       total 40960K, used 40631K [0x00000007bce00000, 0x00000007bf600000, 0x00000007bf600000)
  object space 40960K, 99% used [0x00000007bce00000,0x00000007bf5ade60,0x00000007bf600000)
 Metaspace       used 3168K, capacity 4496K, committed 4864K, reserved 1056768K
  class space    used 347K, capacity 388K, committed 512K, reserved 1048576K
}
Event: 7.628 GC heap before
{Heap before GC invocations=47 (full 42):
 PSYoungGen      total 9216K, used 8192K [0x00000007bf600000, 0x00000007c0000000, 0x00000007c0000000)
  eden space 8192K, 100% used [0x00000007bf600000,0x00000007bfe00000,0x00000007bfe00000)
  from space 1024K, 0% used [0x00000007bfe00000,0x00000007bfe00000,0x00000007bff00000)
  to   space 1024K, 0% used [0x00000007bff00000,0x00000007bff00000,0x00000007c0000000)
 ParOldGen       total 40960K, used 40633K [0x00000007bce00000, 0x00000007bf600000, 0x00000007bf600000)
  object space 40960K, 99% used [0x00000007bce00000,0x00000007bf5ae470,0x00000007bf600000)
 Metaspace       used 3168K, capacity 4496K, committed 4864K, reserved 1056768K
  class space    used 347K, capacity 388K, committed 512K, reserved 1048576K
Event: 7.806 GC heap after
Heap after GC invocations=47 (full 42):
 PSYoungGen      total 9216K, used 8192K [0x00000007bf600000, 0x00000007c0000000, 0x00000007c0000000)
  eden space 8192K, 100% used [0x00000007bf600000,0x00000007bfe00000,0x00000007bfe00000)
  from space 1024K, 0% used [0x00000007bfe00000,0x00000007bfe00000,0x00000007bff00000)
  to   space 1024K, 0% used [0x00000007bff00000,0x00000007bff00000,0x00000007c0000000)
 ParOldGen       total 40960K, used 40633K [0x00000007bce00000, 0x00000007bf600000, 0x00000007bf600000)
  object space 40960K, 99% used [0x00000007bce00000,0x00000007bf5ae470,0x00000007bf600000)
 Metaspace       used 3168K, capacity 4496K, committed 4864K, reserved 1056768K
  class space    used 347K, capacity 388K, committed 512K, reserved 1048576K
}
Event: 7.806 GC heap before
{Heap before GC invocations=48 (full 43):
 PSYoungGen      total 9216K, used 8192K [0x00000007bf600000, 0x00000007c0000000, 0x00000007c0000000)
  eden space 8192K, 100% used [0x00000007bf600000,0x00000007bfe00000,0x00000007bfe00000)
  from space 1024K, 0% used [0x00000007bfe00000,0x00000007bfe00000,0x00000007bff00000)
  to   space 1024K, 0% used [0x00000007bff00000,0x00000007bff00000,0x00000007c0000000)
 ParOldGen       total 40960K, used 40634K [0x00000007bce00000, 0x00000007bf600000, 0x00000007bf600000)
  object space 40960K, 99% used [0x00000007bce00000,0x00000007bf5aea70,0x00000007bf600000)
 Metaspace       used 3168K, capacity 4496K, committed 4864K, reserved 1056768K
  class space    used 347K, capacity 388K, committed 512K, reserved 1048576K
Event: 7.984 GC heap after
Heap after GC invocations=48 (full 43):
 PSYoungGen      total 9216K, used 8192K [0x00000007bf600000, 0x00000007c0000000, 0x00000007c0000000)
  eden space 8192K, 100% used [0x00000007bf600000,0x00000007bfe00000,0x00000007bfe00000)
  from space 1024K, 0% used [0x00000007bfe00000,0x00000007bfe00000,0x00000007bff00000)
  to   space 1024K, 0% used [0x00000007bff00000,0x00000007bff00000,0x00000007c0000000)
 ParOldGen       total 40960K, used 40634K [0x00000007bce00000, 0x00000007bf600000, 0x00000007bf600000)
  object space 40960K, 99% used [0x00000007bce00000,0x00000007bf5ae9f8,0x00000007bf600000)
 Metaspace       used 3168K, capacity 4496K, committed 4864K, reserved 1056768K
  class space    used 347K, capacity 388K, committed 512K, reserved 1048576K
}
Event: 7.984 GC heap before
{Heap before GC invocations=49 (full 44):
 PSYoungGen      total 9216K, used 8192K [0x00000007bf600000, 0x00000007c0000000, 0x00000007c0000000)
  eden space 8192K, 100% used [0x00000007bf600000,0x00000007bfe00000,0x00000007bfe00000)
  from space 1024K, 0% used [0x00000007bfe00000,0x00000007bfe00000,0x00000007bff00000)
  to   space 1024K, 0% used [0x00000007bff00000,0x00000007bff00000,0x00000007c0000000)
 ParOldGen       total 40960K, used 40635K [0x00000007bce00000, 0x00000007bf600000, 0x00000007bf600000)
  object space 40960K, 99% used [0x00000007bce00000,0x00000007bf5aeff8,0x00000007bf600000)
 Metaspace       used 3168K, capacity 4496K, committed 4864K, reserved 1056768K
  class space    used 347K, capacity 388K, committed 512K, reserved 1048576K
Event: 8.162 GC heap after
Heap after GC invocations=49 (full 44):
 PSYoungGen      total 9216K, used 8192K [0x00000007bf600000, 0x00000007c0000000, 0x00000007c0000000)
  eden space 8192K, 100% used [0x00000007bf600000,0x00000007bfe00000,0x00000007bfe00000)
  from space 1024K, 0% used [0x00000007bfe00000,0x00000007bfe00000,0x00000007bff00000)
  to   space 1024K, 0% used [0x00000007bff00000,0x00000007bff00000,0x00000007c0000000)
 ParOldGen       total 40960K, used 40635K [0x00000007bce00000, 0x00000007bf600000, 0x00000007bf600000)
  object space 40960K, 99% used [0x00000007bce00000,0x00000007bf5aeff8,0x00000007bf600000)
 Metaspace       used 3168K, capacity 4496K, committed 4864K, reserved 1056768K
  class space    used 347K, capacity 388K, committed 512K, reserved 1048576K
}

Deoptimization events (0 events):
No events

Classes redefined (0 events):
No events

Internal exceptions (2 events):
Event: 0.030 Thread 0x00007ff3ed809000 Exception <a 'java/lang/NoSuchMethodError': Method sun.misc.Unsafe.defineClass(Ljava/lang/String;[BII)Ljava/lang/Class; name or signature does not match> (0x00000007bf607cb0) thrown at [/Users/java_re/workspace/8-2-build-macosx-x86_64/jdk8u201/12322/hotsp
Event: 0.030 Thread 0x00007ff3ed809000 Exception <a 'java/lang/NoSuchMethodError': Method sun.misc.Unsafe.prefetchRead(Ljava/lang/Object;J)V name or signature does not match> (0x00000007bf607f98) thrown at [/Users/java_re/workspace/8-2-build-macosx-x86_64/jdk8u201/12322/hotspot/src/share/vm/pr

Events (10 events):
Event: 7.628 Executing VM operation: ParallelGCFailedAllocation
Event: 7.806 Executing VM operation: ParallelGCFailedAllocation done
Event: 7.806 Executing VM operation: ParallelGCFailedAllocation
Event: 7.806 loading class java/util/Hashtable$KeySet
Event: 7.984 Executing VM operation: ParallelGCFailedAllocation done
Event: 7.984 Executing VM operation: ParallelGCFailedAllocation
Event: 8.162 Executing VM operation: ParallelGCFailedAllocation done
Event: 8.163 loading class java/util/Hashtable$KeySet done
Event: 8.163 loading class sun/nio/cs/ISO_8859_1$Encoder
Event: 8.163 Executing VM operation: HeapDumper


Dynamic libraries:
0x00007fff34fc4000 	/System/Library/Frameworks/Cocoa.framework/Versions/A/Cocoa
0x00007fff221e9000 	/System/Library/Frameworks/Security.framework/Versions/A/Security
0x00007fff331c1000 	/System/Library/Frameworks/ApplicationServices.framework/Versions/A/ApplicationServices
0x00007fff2a472000 	/usr/lib/libz.1.dylib
0x00007fff2a53a000 	/usr/lib/libSystem.B.dylib
0x00007fff201cf000 	/usr/lib/libobjc.A.dylib
0x00007fff203af000 	/System/Library/Frameworks/CoreFoundation.framework/Versions/A/CoreFoundation
0x00007fff2115c000 	/System/Library/Frameworks/Foundation.framework/Versions/C/Foundation
0x00007fff22c10000 	/System/Library/Frameworks/AppKit.framework/Versions/C/AppKit
0x00007fff25aa8000 	/System/Library/Frameworks/CoreData.framework/Versions/A/CoreData
0x00007fff23973000 	/System/Library/PrivateFrameworks/UIFoundation.framework/Versions/A/UIFoundation
0x00007fff2fba0000 	/System/Library/PrivateFrameworks/RemoteViewServices.framework/Versions/A/RemoteViewServices
0x00007fff28999000 	/System/Library/PrivateFrameworks/XCTTargetBootstrap.framework/Versions/A/XCTTargetBootstrap
0x00007fff2b67a000 	/usr/lib/libspindump.dylib
0x00007fff23bc8000 	/System/Library/Frameworks/UniformTypeIdentifiers.framework/Versions/A/UniformTypeIdentifiers
0x00007fff2716f000 	/usr/lib/libapp_launch_measurement.dylib
0x00007fff27172000 	/System/Library/PrivateFrameworks/CoreAutoLayout.framework/Versions/A/CoreAutoLayout
0x00007fff282fb000 	/System/Library/Frameworks/Metal.framework/Versions/A/Metal
0x00007fff28feb000 	/usr/lib/liblangid.dylib
0x00007fff2899d000 	/System/Library/PrivateFrameworks/CoreSVG.framework/Versions/A/CoreSVG
0x00007fff24baf000 	/System/Library/PrivateFrameworks/SkyLight.framework/Versions/A/SkyLight
0x00007fff24f16000 	/System/Library/Frameworks/CoreGraphics.framework/Versions/A/CoreGraphics
0x00007fff301f7000 	/System/Library/Frameworks/Accelerate.framework/Versions/A/Accelerate
0x00007fff2b0b5000 	/System/Library/PrivateFrameworks/IconServices.framework/Versions/A/IconServices
0x00007fff282e0000 	/System/Library/Frameworks/IOSurface.framework/Versions/A/IOSurface
0x00007fff26431000 	/usr/lib/libDiagnosticMessagesClient.dylib
0x00007fff28985000 	/System/Library/PrivateFrameworks/DFRFoundation.framework/Versions/A/DFRFoundation
0x00007fff2253b000 	/usr/lib/libicucore.A.dylib
0x00007fff2cbc1000 	/System/Library/Frameworks/AudioToolbox.framework/Versions/A/AudioToolbox
0x00007fff2be66000 	/System/Library/PrivateFrameworks/DataDetectorsCore.framework/Versions/A/DataDetectorsCore
0x00007fff28685000 	/System/Library/Frameworks/Carbon.framework/Versions/A/Frameworks/HIToolbox.framework/Versions/A/HIToolbox
0x00007fff26bca000 	/System/Library/Frameworks/QuartzCore.framework/Versions/A/QuartzCore
0x00007fff2fbdc000 	/System/Library/Frameworks/Carbon.framework/Versions/A/Frameworks/SpeechRecognition.framework/Versions/A/SpeechRecognition
0x00007fff26ed7000 	/System/Library/PrivateFrameworks/CoreUI.framework/Versions/A/CoreUI
0x00007fff21b44000 	/System/Library/Frameworks/CoreAudio.framework/Versions/A/CoreAudio
0x00007fff2651c000 	/System/Library/Frameworks/DiskArbitration.framework/Versions/A/DiskArbitration
0x00007fff2ba75000 	/System/Library/PrivateFrameworks/MultitouchSupport.framework/Versions/A/MultitouchSupport
0x00007fff2be5d000 	/System/Library/PrivateFrameworks/InternationalSupport.framework/Versions/A/InternationalSupport
0x00007fff24b23000 	/usr/lib/libenergytrace.dylib
0x00007fff22b09000 	/System/Library/Frameworks/IOKit.framework/Versions/A/IOKit
0x00007fff2ff29000 	/System/Library/Frameworks/CoreServices.framework/Versions/A/CoreServices
0x00007fff27105000 	/System/Library/PrivateFrameworks/PerformanceAnalysis.framework/Versions/A/PerformanceAnalysis
0x00007fff6c893000 	/System/Library/Frameworks/OpenGL.framework/Versions/A/OpenGL
0x00007fff2bee2000 	/System/Library/PrivateFrameworks/UserActivity.framework/Versions/A/UserActivity
0x00007fff255aa000 	/System/Library/Frameworks/ColorSync.framework/Versions/A/ColorSync
0x00007fff28c02000 	/System/Library/Frameworks/CoreImage.framework/Versions/A/CoreImage
0x00007fff2195b000 	/System/Library/Frameworks/CoreText.framework/Versions/A/CoreText
0x00007fff289c7000 	/System/Library/Frameworks/ImageIO.framework/Versions/A/ImageIO
0x00007fff2a540000 	/System/Library/PrivateFrameworks/SoftLinking.framework/Versions/A/SoftLinking
0x00007fff271bb000 	/usr/lib/libxml2.2.dylib
0x00007fff20294000 	/usr/lib/libc++.1.dylib
0x00007fff2a7b2000 	/usr/lib/libcompression.dylib
0x00007fff24b24000 	/usr/lib/libMobileGestalt.dylib
0x00007fff2bd90000 	/System/Library/PrivateFrameworks/TextureIO.framework/Versions/A/TextureIO
0x00007fff2add8000 	/usr/lib/libate.dylib
0x00007fff2a534000 	/usr/lib/system/libcache.dylib
0x00007fff2a4f0000 	/usr/lib/system/libcommonCrypto.dylib
0x00007fff2a51a000 	/usr/lib/system/libcompiler_rt.dylib
0x00007fff2a50f000 	/usr/lib/system/libcopyfile.dylib
0x00007fff200bd000 	/usr/lib/system/libcorecrypto.dylib
0x00007fff2018a000 	/usr/lib/system/libdispatch.dylib
0x00007fff2033e000 	/usr/lib/system/libdyld.dylib
0x00007fff2a52b000 	/usr/lib/system/libkeymgr.dylib
0x00007fff2d973000 	/usr/lib/system/liblaunch.dylib
0x00007fff2a4ce000 	/usr/lib/system/libmacho.dylib
0x00007fff29ce8000 	/usr/lib/system/libquarantine.dylib
0x00007fff2a528000 	/usr/lib/system/libremovefile.dylib
0x00007fff24b80000 	/usr/lib/system/libsystem_asl.dylib
0x00007fff2006d000 	/usr/lib/system/libsystem_blocks.dylib
0x00007fff2020b000 	/usr/lib/system/libsystem_c.dylib
0x00007fff2a522000 	/usr/lib/system/libsystem_collections.dylib
0x00007fff28fdc000 	/usr/lib/system/libsystem_configuration.dylib
0x00007fff282cf000 	/usr/lib/system/libsystem_containermanager.dylib
0x00007fff2a26a000 	/usr/lib/system/libsystem_coreservices.dylib
0x00007fff2279d000 	/usr/lib/system/libsystem_darwin.dylib
0x00007fff2a52c000 	/usr/lib/system/libsystem_dnssd.dylib
0x00007fff20208000 	/usr/lib/system/libsystem_featureflags.dylib
0x00007fff20383000 	/usr/lib/system/libsystem_info.dylib
0x00007fff2a485000 	/usr/lib/system/libsystem_m.dylib
0x00007fff2015d000 	/usr/lib/system/libsystem_malloc.dylib
0x00007fff24b14000 	/usr/lib/system/libsystem_networkextension.dylib
0x00007fff22bb8000 	/usr/lib/system/libsystem_notify.dylib
0x00007fff2fe27000 	/usr/lib/system/libsystem_product_info_filter.dylib
0x00007fff28fe0000 	/usr/lib/system/libsystem_sandbox.dylib
0x00007fff2a525000 	/usr/lib/system/libsystem_secinit.dylib
0x00007fff20303000 	/usr/lib/system/libsystem_kernel.dylib
0x00007fff20379000 	/usr/lib/system/libsystem_platform.dylib
0x00007fff20332000 	/usr/lib/system/libsystem_pthread.dylib
0x00007fff2627f000 	/usr/lib/system/libsystem_symptoms.dylib
0x00007fff200a5000 	/usr/lib/system/libsystem_trace.dylib
0x00007fff2a4fc000 	/usr/lib/system/libunwind.dylib
0x00007fff2006f000 	/usr/lib/system/libxpc.dylib
0x00007fff202ea000 	/usr/lib/libc++abi.dylib
0x00007fff2a507000 	/usr/lib/liboah.dylib
0x00007fff2abbd000 	/usr/lib/liblzma.5.dylib
0x00007fff20e70000 	/System/Library/Frameworks/SystemConfiguration.framework/Versions/A/SystemConfiguration
0x00007fff2a53c000 	/usr/lib/libfakelink.dylib
0x00007fff24676000 	/System/Library/Frameworks/CFNetwork.framework/Versions/A/CFNetwork
0x00007fff2a67c000 	/usr/lib/libarchive.2.dylib
0x00007fff20eee000 	/usr/lib/libCRFSuite.dylib
0x00007fff29d0f000 	/usr/lib/libbsm.0.dylib
0x00007fff24032000 	/usr/lib/libnetwork.dylib
0x00007fff2a541000 	/usr/lib/libpcap.A.dylib
0x00007fff26278000 	/usr/lib/libdns_services.dylib
0x00007fff2abd6000 	/usr/lib/libcoretls_cfhelpers.dylib
0x00007fff2a780000 	/usr/lib/libapple_nghttp2.dylib
0x00007fff2a4d4000 	/usr/lib/system/libkxld.dylib
0x00007fff25ede000 	/usr/lib/libsqlite3.dylib
0x00007fff2a24c000 	/System/Library/PrivateFrameworks/AppleFSCompression.framework/Versions/A/AppleFSCompression
0x00007fff29cf7000 	/usr/lib/libcoretls.dylib
0x00007fff2a7ad000 	/usr/lib/libpam.2.dylib
0x00007fff2acd3000 	/usr/lib/libxar.1.dylib
0x00007fff28fe7000 	/System/Library/PrivateFrameworks/AppleSystemInfo.framework/Versions/A/AppleSystemInfo
0x00007fff2993a000 	/System/Library/PrivateFrameworks/IOMobileFramebuffer.framework/Versions/A/IOMobileFramebuffer
0x00007fff2a25c000 	/usr/lib/libbz2.1.0.dylib
0x00007fff2a579000 	/usr/lib/libiconv.2.dylib
0x00007fff2a4cd000 	/usr/lib/libcharset.1.dylib
0x00007fff27141000 	/System/Library/Frameworks/CoreServices.framework/Versions/A/Frameworks/FSEvents.framework/Versions/A/FSEvents
0x00007fff227a7000 	/System/Library/Frameworks/CoreServices.framework/Versions/A/Frameworks/CarbonCore.framework/Versions/A/CarbonCore
0x00007fff26481000 	/System/Library/Frameworks/CoreServices.framework/Versions/A/Frameworks/Metadata.framework/Versions/A/Metadata
0x00007fff2a26f000 	/System/Library/Frameworks/CoreServices.framework/Versions/A/Frameworks/OSServices.framework/Versions/A/OSServices
0x00007fff2a6ee000 	/System/Library/Frameworks/CoreServices.framework/Versions/A/Frameworks/SearchKit.framework/Versions/A/SearchKit
0x00007fff26202000 	/System/Library/Frameworks/CoreServices.framework/Versions/A/Frameworks/AE.framework/Versions/A/AE
0x00007fff2084b000 	/System/Library/Frameworks/CoreServices.framework/Versions/A/Frameworks/LaunchServices.framework/Versions/A/LaunchServices
0x00007fff2ab6e000 	/System/Library/Frameworks/CoreServices.framework/Versions/A/Frameworks/DictionaryServices.framework/Versions/A/DictionaryServices
0x00007fff2714a000 	/System/Library/Frameworks/CoreServices.framework/Versions/A/Frameworks/SharedFileList.framework/Versions/A/SharedFileList
0x00007fff29ceb000 	/usr/lib/libCheckFix.dylib
0x00007fff24b97000 	/System/Library/PrivateFrameworks/TCC.framework/Versions/A/TCC
0x00007fff28fed000 	/System/Library/PrivateFrameworks/CoreNLP.framework/Versions/A/CoreNLP
0x00007fff26434000 	/System/Library/PrivateFrameworks/MetadataUtilities.framework/Versions/A/MetadataUtilities
0x00007fff20f24000 	/usr/lib/libmecabra.dylib
0x00007fff29ffe000 	/System/Library/Frameworks/MLCompute.framework/Versions/A/MLCompute
0x00007fff29d20000 	/usr/lib/libmecab.dylib
0x00007fff29d6a000 	/usr/lib/libgermantok.dylib
0x00007fff2a756000 	/usr/lib/libThaiTokenizer.dylib
0x00007fff2ad0e000 	/usr/lib/libChineseTokenizer.dylib
0x00007fff2a7ab000 	/System/Library/Frameworks/MetalPerformanceShaders.framework/Versions/A/MetalPerformanceShaders
0x00007fff26523000 	/System/Library/Frameworks/Accelerate.framework/Versions/A/Frameworks/vImage.framework/Versions/A/vImage
0x00007fff2ff02000 	/System/Library/Frameworks/Accelerate.framework/Versions/A/Frameworks/vecLib.framework/Versions/A/vecLib
0x00007fff2ad19000 	/System/Library/Frameworks/Accelerate.framework/Versions/A/Frameworks/vecLib.framework/Versions/A/libvMisc.dylib
0x00007fff29753000 	/System/Library/Frameworks/Accelerate.framework/Versions/A/Frameworks/vecLib.framework/Versions/A/libvDSP.dylib
0x00007fff20b4f000 	/System/Library/Frameworks/Accelerate.framework/Versions/A/Frameworks/vecLib.framework/Versions/A/libBLAS.dylib
0x00007fff2a7d1000 	/System/Library/Frameworks/Accelerate.framework/Versions/A/Frameworks/vecLib.framework/Versions/A/libLAPACK.dylib
0x00007fff29d70000 	/System/Library/Frameworks/Accelerate.framework/Versions/A/Frameworks/vecLib.framework/Versions/A/libLinearAlgebra.dylib
0x00007fff2a798000 	/System/Library/Frameworks/Accelerate.framework/Versions/A/Frameworks/vecLib.framework/Versions/A/libSparseBLAS.dylib
0x00007fff2a7cb000 	/System/Library/Frameworks/Accelerate.framework/Versions/A/Frameworks/vecLib.framework/Versions/A/libQuadrature.dylib
0x00007fff29095000 	/System/Library/Frameworks/Accelerate.framework/Versions/A/Frameworks/vecLib.framework/Versions/A/libBNNS.dylib
0x00007fff20e01000 	/System/Library/Frameworks/Accelerate.framework/Versions/A/Frameworks/vecLib.framework/Versions/A/libSparse.dylib
0x00007fff28f80000 	/System/Library/Frameworks/MetalPerformanceShaders.framework/Versions/A/Frameworks/MPSCore.framework/Versions/A/MPSCore
0x00007fff2a1bb000 	/System/Library/Frameworks/MetalPerformanceShaders.framework/Versions/A/Frameworks/MPSImage.framework/Versions/A/MPSImage
0x00007fff29d86000 	/System/Library/Frameworks/MetalPerformanceShaders.framework/Versions/A/Frameworks/MPSNeuralNetwork.framework/Versions/A/MPSNeuralNetwork
0x00007fff2a146000 	/System/Library/Frameworks/MetalPerformanceShaders.framework/Versions/A/Frameworks/MPSMatrix.framework/Versions/A/MPSMatrix
0x00007fff29fae000 	/System/Library/Frameworks/MetalPerformanceShaders.framework/Versions/A/Frameworks/MPSRayIntersector.framework/Versions/A/MPSRayIntersector
0x00007fff2a17d000 	/System/Library/Frameworks/MetalPerformanceShaders.framework/Versions/A/Frameworks/MPSNDArray.framework/Versions/A/MPSNDArray
0x00007fff20a7b000 	/System/Library/PrivateFrameworks/MetalTools.framework/Versions/A/MetalTools
0x00007fff28fe5000 	/System/Library/PrivateFrameworks/AggregateDictionary.framework/Versions/A/AggregateDictionary
0x00007fff2640c000 	/System/Library/PrivateFrameworks/CoreAnalytics.framework/Versions/A/CoreAnalytics
0x00007fff2a758000 	/System/Library/PrivateFrameworks/AppleSauce.framework/Versions/A/AppleSauce
0x00007fff282f2000 	/System/Library/PrivateFrameworks/IOAccelerator.framework/Versions/A/IOAccelerator
0x00007fff6c887000 	/System/Library/Frameworks/OpenGL.framework/Versions/A/Libraries/libCoreFSCache.dylib
0x00007fff214c0000 	/System/Library/PrivateFrameworks/LanguageModeling.framework/Versions/A/LanguageModeling
0x00007fff29927000 	/System/Library/PrivateFrameworks/CoreEmoji.framework/Versions/A/CoreEmoji
0x00007fff2908e000 	/System/Library/PrivateFrameworks/LinguisticData.framework/Versions/A/LinguisticData
0x00007fff20db3000 	/System/Library/PrivateFrameworks/Lexicon.framework/Versions/A/Lexicon
0x00007fff2a66a000 	/usr/lib/libcmph.dylib
0x00007fff27121000 	/System/Library/Frameworks/OpenDirectory.framework/Versions/A/Frameworks/CFOpenDirectory.framework/Versions/A/CFOpenDirectory
0x00007fff27111000 	/System/Library/Frameworks/OpenDirectory.framework/Versions/A/OpenDirectory
0x00007fff2abd8000 	/System/Library/PrivateFrameworks/APFS.framework/Versions/A/APFS
0x00007fff29c4c000 	/System/Library/Frameworks/SecurityFoundation.framework/Versions/A/SecurityFoundation
0x00007fff2ace1000 	/usr/lib/libutil.dylib
0x00007fff22ace000 	/System/Library/PrivateFrameworks/CoreServicesStore.framework/Versions/A/CoreServicesStore
0x00007fff29ce3000 	/System/Library/Frameworks/ServiceManagement.framework/Versions/A/ServiceManagement
0x00007fff2ace5000 	/usr/lib/libxslt.1.dylib
0x00007fff29cd9000 	/System/Library/PrivateFrameworks/BackgroundTaskManagement.framework/Versions/A/BackgroundTaskManagement
0x00007fff2bcda000 	/System/Library/Frameworks/ImageIO.framework/Versions/A/Resources/libRadiance.dylib
0x00007fff2bce4000 	/System/Library/Frameworks/ImageIO.framework/Versions/A/Resources/libJPEG.dylib
0x00007fff2bc2f000 	/System/Library/Frameworks/ImageIO.framework/Versions/A/Resources/libPng.dylib
0x00007fff2bc56000 	/System/Library/Frameworks/ImageIO.framework/Versions/A/Resources/libTIFF.dylib
0x00007fff2bd39000 	/System/Library/Frameworks/ImageIO.framework/Versions/A/Resources/libGIF.dylib
0x00007fff2b992000 	/System/Library/Frameworks/ImageIO.framework/Versions/A/Resources/libJP2.dylib
0x00007fff2b07c000 	/usr/lib/libexpat.1.dylib
0x00007fff2b947000 	/System/Library/PrivateFrameworks/AppleJPEG.framework/Versions/A/AppleJPEG
0x00007fff28528000 	/System/Library/PrivateFrameworks/FontServices.framework/libFontParser.dylib
0x00007fff261b6000 	/System/Library/PrivateFrameworks/RunningBoardServices.framework/Versions/A/RunningBoardServices
0x00007fff2ba71000 	/System/Library/PrivateFrameworks/WatchdogClient.framework/Versions/A/WatchdogClient
0x00007fff215ad000 	/System/Library/Frameworks/CoreDisplay.framework/Versions/A/CoreDisplay
0x00007fff2843e000 	/System/Library/Frameworks/CoreMedia.framework/Versions/A/CoreMedia
0x00007fff2729e000 	/System/Library/Frameworks/CoreVideo.framework/Versions/A/CoreVideo
0x00007fff2baa9000 	/System/Library/Frameworks/VideoToolbox.framework/Versions/A/VideoToolbox
0x00007fff26134000 	/System/Library/PrivateFrameworks/BaseBoard.framework/Versions/A/BaseBoard
0x00007fff2b1c1000 	/System/Library/PrivateFrameworks/PersistentConnection.framework/Versions/A/PersistentConnection
0x00007fff25ec7000 	/System/Library/PrivateFrameworks/ProtocolBuffer.framework/Versions/A/ProtocolBuffer
0x00007fff2611b000 	/System/Library/PrivateFrameworks/CommonUtilities.framework/Versions/A/CommonUtilities
0x00007fff2b8dc000 	/System/Library/PrivateFrameworks/Bom.framework/Versions/A/Bom
0x00007fff2bcd3000 	/System/Library/PrivateFrameworks/GPUWrangler.framework/Versions/A/GPUWrangler
0x00007fff2bcb6000 	/System/Library/PrivateFrameworks/IOPresentment.framework/Versions/A/IOPresentment
0x00007fff2bcde000 	/System/Library/PrivateFrameworks/DSExternalDisplay.framework/Versions/A/DSExternalDisplay
0x00007fff2bd3e000 	/System/Library/PrivateFrameworks/CMCaptureCore.framework/Versions/A/CMCaptureCore
0x00007fff2b661000 	/System/Library/PrivateFrameworks/AppServerSupport.framework/Versions/A/AppServerSupport
0x00007fff2d712000 	/System/Library/PrivateFrameworks/perfdata.framework/Versions/A/perfdata
0x00007fff29c3b000 	/System/Library/PrivateFrameworks/AssertionServices.framework/Versions/A/AssertionServices
0x00007fff216e4000 	/System/Library/PrivateFrameworks/AudioToolboxCore.framework/Versions/A/AudioToolboxCore
0x00007fff28421000 	/System/Library/PrivateFrameworks/caulk.framework/Versions/A/caulk
0x00007fff3d3bd000 	/System/Library/PrivateFrameworks/SystemPolicy.framework/Versions/A/SystemPolicy
0x00007fff2ae71000 	/usr/lib/libIOReport.dylib
0x00007fff2cf34000 	/usr/lib/libSMC.dylib
0x00007fff2bbfc000 	/usr/lib/libAudioToolboxUtility.dylib
0x00007fff3dd27000 	/usr/lib/libmis.dylib
0x00007fff6c8e3000 	/System/Library/Frameworks/OpenGL.framework/Versions/A/Libraries/libGLU.dylib
0x00007fff6c8a6000 	/System/Library/Frameworks/OpenGL.framework/Versions/A/Libraries/libGFXShared.dylib
0x00007fff6cab5000 	/System/Library/Frameworks/OpenGL.framework/Versions/A/Libraries/libGL.dylib
0x00007fff6c8af000 	/System/Library/Frameworks/OpenGL.framework/Versions/A/Libraries/libGLImage.dylib
0x00007fff6c8a3000 	/System/Library/Frameworks/OpenGL.framework/Versions/A/Libraries/libCVMSPluginSupport.dylib
0x00007fff6c88e000 	/System/Library/Frameworks/OpenGL.framework/Versions/A/Libraries/libCoreVMClient.dylib
0x00007fff6def6000 	/System/Library/Frameworks/OpenCL.framework/Versions/A/OpenCL
0x00007fff2b1eb000 	/System/Library/PrivateFrameworks/GraphVisualizer.framework/Versions/A/GraphVisualizer
0x00007fff2b1fa000 	/System/Library/PrivateFrameworks/FaceCore.framework/Versions/A/FaceCore
0x00007fff2b616000 	/System/Library/PrivateFrameworks/OTSVG.framework/Versions/A/OTSVG
0x00007fff26e95000 	/System/Library/Frameworks/ApplicationServices.framework/Versions/A/Frameworks/ATS.framework/Versions/A/Resources/libFontRegistry.dylib
0x00007fff2b668000 	/System/Library/PrivateFrameworks/FontServices.framework/libhvf.dylib
0x00007fff2b028000 	/System/Library/PrivateFrameworks/AppleVA.framework/Versions/A/AppleVA
0x00007fff2cd7d000 	/System/Library/Frameworks/ApplicationServices.framework/Versions/A/Frameworks/ATS.framework/Versions/A/ATS
0x00007fff2d08f000 	/System/Library/Frameworks/ApplicationServices.framework/Versions/A/Frameworks/ColorSyncLegacy.framework/Versions/A/ColorSyncLegacy
0x00007fff256a1000 	/System/Library/Frameworks/ApplicationServices.framework/Versions/A/Frameworks/HIServices.framework/Versions/A/HIServices
0x00007fff2d074000 	/System/Library/Frameworks/ApplicationServices.framework/Versions/A/Frameworks/LangAnalysis.framework/Versions/A/LangAnalysis
0x00007fff2bd48000 	/System/Library/Frameworks/ApplicationServices.framework/Versions/A/Frameworks/PrintCore.framework/Versions/A/PrintCore
0x00007fff2d097000 	/System/Library/Frameworks/ApplicationServices.framework/Versions/A/Frameworks/QD.framework/Versions/A/QD
0x00007fff2cd6d000 	/System/Library/Frameworks/ApplicationServices.framework/Versions/A/Frameworks/SpeechSynthesis.framework/Versions/A/SpeechSynthesis
0x00007fff2bd09000 	/System/Library/Frameworks/ApplicationServices.framework/Versions/A/Frameworks/ATSUI.framework/Versions/A/ATSUI
0x00007fff2d014000 	/usr/lib/libcups.2.dylib
0x00007fff2d084000 	/System/Library/PrivateFrameworks/NetAuth.framework/Versions/A/NetAuth
0x00007fff2d72e000 	/System/Library/Frameworks/Kerberos.framework/Versions/A/Kerberos
0x00007fff2d73e000 	/System/Library/Frameworks/GSS.framework/Versions/A/GSS
0x00007fff2cde9000 	/usr/lib/libresolv.9.dylib
0x00007fff2b67d000 	/System/Library/PrivateFrameworks/Heimdal.framework/Versions/A/Heimdal
0x00007fff334c2000 	/System/Library/Frameworks/Kerberos.framework/Versions/A/Libraries/libHeimdalProxy.dylib
0x00007fff26287000 	/System/Library/Frameworks/Network.framework/Versions/A/Network
0x00007fff2b096000 	/usr/lib/libheimdal-asn1.dylib
0x00007fff2d78e000 	/System/Library/PrivateFrameworks/CommonAuth.framework/Versions/A/CommonAuth
0x00007fff272eb000 	/System/Library/PrivateFrameworks/login.framework/Versions/A/Frameworks/loginsupport.framework/Versions/A/loginsupport
0x00007fff2ccf2000 	/System/Library/PrivateFrameworks/AudioSession.framework/Versions/A/AudioSession
0x00007fff2cd5a000 	/usr/lib/libAudioStatistics.dylib
0x00007fff2b123000 	/System/Library/PrivateFrameworks/MediaExperience.framework/Versions/A/MediaExperience
0x00007fff2cb8f000 	/System/Library/PrivateFrameworks/AudioSession.framework/libSessionUtility.dylib
0x00007fff2d71f000 	/usr/lib/libperfcheck.dylib
0x00007fff2d0a3000 	/System/Library/PrivateFrameworks/AudioResourceArbitration.framework/Versions/A/AudioResourceArbitration
0x00007fff2b0a0000 	/System/Library/PrivateFrameworks/IconFoundation.framework/Versions/A/IconFoundation
0x00007fff2fbcc000 	/System/Library/PrivateFrameworks/SpeechRecognitionCore.framework/Versions/A/SpeechRecognitionCore
0x0000000112800000 	/Library/Java/JavaVirtualMachines/jdk1.8.0_201.jdk/Contents/Home/jre/lib/server/libjvm.dylib
0x00007fff787cf000 	/usr/lib/libstdc++.6.dylib
0x000000010c0de000 	/Library/Java/JavaVirtualMachines/jdk1.8.0_201.jdk/Contents/Home/jre/lib/libverify.dylib
0x000000010c0ec000 	/Library/Java/JavaVirtualMachines/jdk1.8.0_201.jdk/Contents/Home/jre/lib/libjava.dylib
0x000000010c123000 	/Library/Java/JavaVirtualMachines/jdk1.8.0_201.jdk/Contents/Home/jre/lib/libinstrument.dylib
0x000000010c18f000 	/Library/Java/JavaVirtualMachines/jdk1.8.0_201.jdk/Contents/Home/jre/lib/libzip.dylib
0x0000000116272000 	/Library/Java/JavaVirtualMachines/jdk1.8.0_201.jdk/Contents/Home/jre/lib/libnet.dylib

VM Arguments:
jvm_args: -Xms50M -Xmx50M -Xmn10M -XX:+PrintGCDetails -XX:+HeapDumpOnOutOfMemoryError -XX:HeapDumpPath=/Users/ysc/Downloads/testDir/jvm -javaagent:/Applications/intellij/IntelliJ IDEA.app/Contents/lib/idea_rt.jar=51871:/Applications/intellij/IntelliJ IDEA.app/Contents/bin -Dfile.encoding=UTF-8 
java_command: com.ysc.springboot.jvm.MemoryTest
java_class_path (initial): /Library/Java/JavaVirtualMachines/jdk1.8.0_201.jdk/Contents/Home/jre/lib/charsets.jar:/Library/Java/JavaVirtualMachines/jdk1.8.0_201.jdk/Contents/Home/jre/lib/deploy.jar:/Library/Java/JavaVirtualMachines/jdk1.8.0_201.jdk/Contents/Home/jre/lib/ext/cldrdata.jar:/Library/Java/JavaVirtualMachines/jdk1.8.0_201.jdk/Contents/Home/jre/lib/ext/dnsns.jar:/Library/Java/JavaVirtualMachines/jdk1.8.0_201.jdk/Contents/Home/jre/lib/ext/jaccess.jar:/Library/Java/JavaVirtualMachines/jdk1.8.0_201.jdk/Contents/Home/jre/lib/ext/jfxrt.jar:/Library/Java/JavaVirtualMachines/jdk1.8.0_201.jdk/Contents/Home/jre/lib/ext/localedata.jar:/Library/Java/JavaVirtualMachines/jdk1.8.0_201.jdk/Contents/Home/jre/lib/ext/nashorn.jar:/Library/Java/JavaVirtualMachines/jdk1.8.0_201.jdk/Contents/Home/jre/lib/ext/sunec.jar:/Library/Java/JavaVirtualMachines/jdk1.8.0_201.jdk/Contents/Home/jre/lib/ext/sunjce_provider.jar:/Library/Java/JavaVirtualMachines/jdk1.8.0_201.jdk/Contents/Home/jre/lib/ext/sunpkcs11.jar:/Library/Java/JavaVirtualMachines/jdk1.8.0_201.jdk/Contents/Home/jre/lib/ext/zipfs.jar:/Library/Java/JavaVirtualMachines/jdk1.8.0_201.jdk/Contents/Home/jre/lib/javaws.jar:/Library/Java/JavaVirtualMachines/jdk1.8.0_201.jdk/Contents/Home/jre/lib/jce.jar:/Library/Java/JavaVirtualMachines/jdk1.8.0_201.jdk/Contents/Home/jre/lib/jfr.jar:/Library/Java/JavaVirtualMachines/jdk1.8.0_201.jdk/Contents/Home/jre/lib/jfxswt.jar:/Library/Java/JavaVirtualMachines/jdk1.8.0_201.jdk/Contents/Home/jre/lib/jsse.jar:/Library/Java/JavaVirtualMachines/jdk1.8.0_201.jdk/Contents/Home/jre/lib/management-agent.jar:/Library/Java/JavaVirtualMachines/jdk1.8.0_201.jdk/Contents/Home/jre/lib/plugin.jar:/Library/Java/JavaVirtualMachines/jdk1.8.0_201.jdk/Contents/Home/jre/lib/resources.jar:/Library/Java/JavaVirtualMachines/jdk1.8.0_201.jdk/Contents/Home/jre/lib/rt.jar:/Library/Java/JavaVirtualMachines/jdk1.8.0_201.jdk/Contents/Home/lib/ant-javafx.jar:/Library/Java/JavaVirtualMachines/jdk1.8.0_201.jdk/Contents/Home
Launcher Type: SUN_STANDARD

Environment Variables:
JAVA_HOME=/Library/Java/JavaVirtualMachines/jdk1.8.0_201.jdk/Contents/Home
PATH=/usr/local/bin:/usr/bin:/bin:/usr/sbin:/sbin:/usr/local/mysql/bin:/Users/ysc/Softwares/mongodb-osx-x86_64-4.0.11/bin:/Users/ysc/Softwares/sonar-scanner-4.0.0.1744-macosx/bin:/Users/ysc/Softwares/apache-maven-3.6.1/bin:/Users/ysc/Softwares/gradle/gradle-6.1.1/bin
SHELL=/bin/zsh

Signal Handlers:
SIGSEGV: [libjvm.dylib+0x5b723d], sa_mask[0]=11111111011111110111111111111111, sa_flags=SA_ONSTACK|SA_RESTART|SA_SIGINFO
SIGBUS: [libjvm.dylib+0x5b723d], sa_mask[0]=11111111011111110111111111111111, sa_flags=SA_RESTART|SA_SIGINFO
SIGFPE: [libjvm.dylib+0x48c9bc], sa_mask[0]=11111111011111110111111111111111, sa_flags=SA_RESTART|SA_SIGINFO
SIGPIPE: [libjvm.dylib+0x48c9bc], sa_mask[0]=11111111011111110111111111111111, sa_flags=SA_RESTART|SA_SIGINFO
SIGXFSZ: [libjvm.dylib+0x48c9bc], sa_mask[0]=11111111011111110111111111111111, sa_flags=SA_RESTART|SA_SIGINFO
SIGILL: [libjvm.dylib+0x48c9bc], sa_mask[0]=11111111011111110111111111111111, sa_flags=SA_RESTART|SA_SIGINFO
SIGUSR1: SIG_DFL, sa_mask[0]=00000000000000000000000000000000, sa_flags=none
SIGUSR2: [libjvm.dylib+0x48c4da], sa_mask[0]=00100000000000000000000000000000, sa_flags=SA_RESTART|SA_SIGINFO
SIGHUP: [libjvm.dylib+0x48aa65], sa_mask[0]=11111111011111110111111111111111, sa_flags=SA_RESTART|SA_SIGINFO
SIGINT: [libjvm.dylib+0x48aa65], sa_mask[0]=11111111011111110111111111111111, sa_flags=SA_RESTART|SA_SIGINFO
SIGTERM: [libjvm.dylib+0x48aa65], sa_mask[0]=11111111011111110111111111111111, sa_flags=SA_RESTART|SA_SIGINFO
SIGQUIT: [libjvm.dylib+0x48aa65], sa_mask[0]=11111111011111110111111111111111, sa_flags=SA_RESTART|SA_SIGINFO


---------------  S Y S T E M  ---------------

OS:Bsduname:Darwin 20.3.0 Darwin Kernel Version 20.3.0: Thu Jan 21 00:07:06 PST 2021; root:xnu-7195.81.3~1/RELEASE_X86_64 x86_64
rlimit: STACK 8192k, CORE 0k, NPROC 2784, NOFILE 10240, AS infinity
load average:3.25 2.23 2.13

CPU:total 12 (initial active 12) (6 cores per cpu, 2 threads per core) family 6 model 158 stepping 10, cmov, cx8, fxsr, mmx, sse, sse2, sse3, ssse3, sse4.1, sse4.2, popcnt, avx, avx2, aes, clmul, erms, 3dnowpref, lzcnt, ht, tsc, tscinvbit, bmi1, bmi2, adx

Memory: 4k page, physical 16777216k(1770940k free)

/proc/meminfo:


vm_info: Java HotSpot(TM) 64-Bit Server VM (25.201-b09) for bsd-amd64 JRE (1.8.0_201-b09), built on Dec 15 2018 18:35:23 by "java_re" with gcc 4.2.1 (Based on Apple Inc. build 5658) (LLVM build 2336.11.00)

time: Tue Apr 13 22:29:06 2021
timezone: CST
elapsed time: 8 seconds (0d 0h 0m 8s)

